2015/05/06 10:53:25 [error] [exception.CHttpException.404] exception 'CHttpException' with message 'ระบบไม่สามารถดำเนินการ "summarycategory" ตามคำสั่งได้' in C:\xampp\htdocs\pea_track\framework\web\CController.php:483
Stack trace:
#0 C:\xampp\htdocs\pea_track\framework\web\CController.php(270): CController->missingAction('summarycategory')
#1 C:\xampp\htdocs\pea_track\framework\web\CWebApplication.php(282): CController->run('summarycategory')
#2 C:\xampp\htdocs\pea_track\framework\web\CWebApplication.php(141): CWebApplication->runController('report/summaryc...')
#3 C:\xampp\htdocs\pea_track\framework\base\CApplication.php(180): CWebApplication->processRequest()
#4 C:\xampp\htdocs\pea_track\index.php(13): CApplication->run()
#5 {main}
REQUEST_URI=/pea_track/report/summarycategory
HTTP_REFERER=http://localhost:8080/pea_track/report/cashflow
---
2015/05/06 10:53:51 [error] [exception.CHttpException.404] exception 'CHttpException' with message 'ระบบไม่สามารถดำเนินการ "summarycategory" ตามคำสั่งได้' in C:\xampp\htdocs\pea_track\framework\web\CController.php:483
Stack trace:
#0 C:\xampp\htdocs\pea_track\framework\web\CController.php(270): CController->missingAction('summarycategory')
#1 C:\xampp\htdocs\pea_track\framework\web\CWebApplication.php(282): CController->run('summarycategory')
#2 C:\xampp\htdocs\pea_track\framework\web\CWebApplication.php(141): CWebApplication->runController('report/summaryc...')
#3 C:\xampp\htdocs\pea_track\framework\base\CApplication.php(180): CWebApplication->processRequest()
#4 C:\xampp\htdocs\pea_track\index.php(13): CApplication->run()
#5 {main}
REQUEST_URI=/pea_track/report/summarycategory
HTTP_REFERER=http://localhost:8080/pea_track/report/cashflow
---
2015/05/06 13:43:29 [error] [exception.CHttpException.404] exception 'CHttpException' with message 'ระบบไม่สามารถดำเนินการ "summaryCategory" ตามคำสั่งได้' in C:\xampp\htdocs\pea_track\framework\web\CController.php:483
Stack trace:
#0 C:\xampp\htdocs\pea_track\framework\web\CController.php(270): CController->missingAction('summaryCategory')
#1 C:\xampp\htdocs\pea_track\framework\web\CWebApplication.php(282): CController->run('summaryCategory')
#2 C:\xampp\htdocs\pea_track\framework\web\CWebApplication.php(141): CWebApplication->runController('report/summaryC...')
#3 C:\xampp\htdocs\pea_track\framework\base\CApplication.php(180): CWebApplication->processRequest()
#4 C:\xampp\htdocs\pea_track\index.php(13): CApplication->run()
#5 {main}
REQUEST_URI=/pea_track/report/summaryCategory
HTTP_REFERER=http://localhost:8080/pea_track/report/summaryCategory
---
2015/05/06 13:43:35 [error] [exception.CHttpException.404] exception 'CHttpException' with message 'ระบบไม่สามารถดำเนินการ "summaryCategory" ตามคำสั่งได้' in C:\xampp\htdocs\pea_track\framework\web\CController.php:483
Stack trace:
#0 C:\xampp\htdocs\pea_track\framework\web\CController.php(270): CController->missingAction('summaryCategory')
#1 C:\xampp\htdocs\pea_track\framework\web\CWebApplication.php(282): CController->run('summaryCategory')
#2 C:\xampp\htdocs\pea_track\framework\web\CWebApplication.php(141): CWebApplication->runController('report/summaryC...')
#3 C:\xampp\htdocs\pea_track\framework\base\CApplication.php(180): CWebApplication->processRequest()
#4 C:\xampp\htdocs\pea_track\index.php(13): CApplication->run()
#5 {main}
REQUEST_URI=/pea_track/report/summaryCategory
HTTP_REFERER=http://localhost:8080/pea_track/report/summaryCategory
---
2015/05/08 23:21:35 [warning] [application] Failed to set unsafe attribute "oc_id" of "OutsourceContract".
in C:\xampp\htdocs\pea_track\protected\controllers\ProjectController.php (1281)
in C:\xampp\htdocs\pea_track\index.php (13)
2015/05/08 23:21:35 [warning] [application] Failed to set unsafe attribute "oc_sign_date" of "OutsourceContract".
in C:\xampp\htdocs\pea_track\protected\controllers\ProjectController.php (1281)
in C:\xampp\htdocs\pea_track\index.php (13)
2015/05/08 23:21:35 [warning] [application] Failed to set unsafe attribute "oc_end_date" of "OutsourceContract".
in C:\xampp\htdocs\pea_track\protected\controllers\ProjectController.php (1281)
in C:\xampp\htdocs\pea_track\index.php (13)
2015/05/08 23:21:35 [warning] [application] Failed to set unsafe attribute "oc_approve_date" of "OutsourceContract".
in C:\xampp\htdocs\pea_track\protected\controllers\ProjectController.php (1281)
in C:\xampp\htdocs\pea_track\index.php (13)
2015/05/08 23:21:35 [warning] [application] Failed to set unsafe attribute "oc_insurance_start" of "OutsourceContract".
in C:\xampp\htdocs\pea_track\protected\controllers\ProjectController.php (1281)
in C:\xampp\htdocs\pea_track\index.php (13)
2015/05/08 23:21:35 [warning] [application] Failed to set unsafe attribute "oc_insurance_end" of "OutsourceContract".
in C:\xampp\htdocs\pea_track\protected\controllers\ProjectController.php (1281)
in C:\xampp\htdocs\pea_track\index.php (13)
2015/05/07 12:06:32 [error] [php] Division by zero (C:\xampp\htdocs\pea_track\protected\views\report\summaryCashflow.php:192)
Stack trace:
#0 C:\xampp\htdocs\pea_track\framework\web\CController.php(869): ReportController->renderFile()
#1 C:\xampp\htdocs\pea_track\framework\web\CController.php(782): ReportController->renderPartial()
#2 C:\xampp\htdocs\pea_track\protected\controllers\ReportController.php(31): ReportController->render()
#3 C:\xampp\htdocs\pea_track\framework\web\actions\CInlineAction.php(49): ReportController->actionSummaryCashflow()
#4 C:\xampp\htdocs\pea_track\framework\web\CController.php(308): CInlineAction->runWithParams()
#5 C:\xampp\htdocs\pea_track\framework\web\CController.php(286): ReportController->runAction()
#6 C:\xampp\htdocs\pea_track\framework\web\CController.php(265): ReportController->runActionWithFilters()
#7 C:\xampp\htdocs\pea_track\framework\web\CWebApplication.php(282): ReportController->run()
#8 C:\xampp\htdocs\pea_track\framework\web\CWebApplication.php(141): CWebApplication->runController()
#9 C:\xampp\htdocs\pea_track\framework\base\CApplication.php(180): CWebApplication->processRequest()
#10 C:\xampp\htdocs\pea_track\index.php(13): CWebApplication->run()
REQUEST_URI=/pea_track/report/summaryCashflow
in C:\xampp\htdocs\pea_track\protected\views\report\summaryCashflow.php (192)
in C:\xampp\htdocs\pea_track\protected\controllers\ReportController.php (31)
in C:\xampp\htdocs\pea_track\index.php (13)
2015/05/07 12:58:30 [error] [exception.CHttpException.404] exception 'CHttpException' with message 'Unable to resolve the request "sit".' in C:\xampp\htdocs\pea_track\framework\web\CWebApplication.php:286
Stack trace:
#0 C:\xampp\htdocs\pea_track\framework\web\CWebApplication.php(141): CWebApplication->runController('sit')
#1 C:\xampp\htdocs\pea_track\framework\base\CApplication.php(180): CWebApplication->processRequest()
#2 C:\xampp\htdocs\pea_track\index.php(13): CApplication->run()
#3 {main}
REQUEST_URI=/pea_track/sit
---
2015/05/07 14:48:39 [error] [exception.CHttpException.404] exception 'CHttpException' with message 'Unable to resolve the request "summaryReport.pdf".' in C:\xampp\htdocs\pea_track\framework\web\CWebApplication.php:286
Stack trace:
#0 C:\xampp\htdocs\pea_track\framework\web\CWebApplication.php(141): CWebApplication->runController('summaryReport.p...')
#1 C:\xampp\htdocs\pea_track\framework\base\CApplication.php(180): CWebApplication->processRequest()
#2 C:\xampp\htdocs\pea_track\index.php(13): CApplication->run()
#3 {main}
REQUEST_URI=/pea_track/summaryReport.pdf
HTTP_REFERER=http://localhost:8080/pea_track/report/progress
---
2015/05/10 00:52:25 [error] [php] Undefined index: thead (C:\xampp\htdocs\tcpdf\tcpdf.php:16498)
Stack trace:
#0 C:\xampp\htdocs\tcpdf\tcpdf.php(17094): MYPDF->MultiCell()
#1 C:\xampp\htdocs\pea_track\protected\views\report\_formSummaryPDF.php(455): MYPDF->writeHTMLCell()
#2 C:\xampp\htdocs\pea_track\framework\web\CBaseController.php(126): require()
#3 C:\xampp\htdocs\pea_track\framework\web\CBaseController.php(95): ReportController->renderInternal()
#4 C:\xampp\htdocs\pea_track\framework\web\CController.php(869): ReportController->renderFile()
#5 C:\xampp\htdocs\pea_track\framework\web\CController.php(782): ReportController->renderPartial()
#6 C:\xampp\htdocs\pea_track\protected\controllers\ReportController.php(1367): ReportController->render()
#7 C:\xampp\htdocs\pea_track\framework\web\actions\CInlineAction.php(49): ReportController->actionPrintSummary()
#8 C:\xampp\htdocs\pea_track\framework\web\CController.php(308): CInlineAction->runWithParams()
#9 C:\xampp\htdocs\pea_track\framework\web\CController.php(286): ReportController->runAction()
#10 C:\xampp\htdocs\pea_track\framework\web\CController.php(265): ReportController->runActionWithFilters()
#11 C:\xampp\htdocs\pea_track\framework\web\CWebApplication.php(282): ReportController->run()
#12 C:\xampp\htdocs\pea_track\framework\web\CWebApplication.php(141): CWebApplication->runController()
#13 C:\xampp\htdocs\pea_track\framework\base\CApplication.php(180): CWebApplication->processRequest()
#14 C:\xampp\htdocs\pea_track\index.php(13): CWebApplication->run()
REQUEST_URI=/pea_track/report/printSummary?project=31
in C:\xampp\htdocs\tcpdf\tcpdf.php (16498)
in C:\xampp\htdocs\tcpdf\tcpdf.php (17199)
in C:\xampp\htdocs\tcpdf\tcpdf.php (5828)
2015/05/10 00:52:28 [error] [php] Undefined index: thead (C:\xampp\htdocs\tcpdf\tcpdf.php:16498)
Stack trace:
#0 C:\xampp\htdocs\tcpdf\tcpdf.php(17094): MYPDF->MultiCell()
#1 C:\xampp\htdocs\pea_track\protected\views\report\_formSummaryPDF.php(455): MYPDF->writeHTMLCell()
#2 C:\xampp\htdocs\pea_track\framework\web\CBaseController.php(126): require()
#3 C:\xampp\htdocs\pea_track\framework\web\CBaseController.php(95): ReportController->renderInternal()
#4 C:\xampp\htdocs\pea_track\framework\web\CController.php(869): ReportController->renderFile()
#5 C:\xampp\htdocs\pea_track\framework\web\CController.php(782): ReportController->renderPartial()
#6 C:\xampp\htdocs\pea_track\protected\controllers\ReportController.php(1367): ReportController->render()
#7 C:\xampp\htdocs\pea_track\framework\web\actions\CInlineAction.php(49): ReportController->actionPrintSummary()
#8 C:\xampp\htdocs\pea_track\framework\web\CController.php(308): CInlineAction->runWithParams()
#9 C:\xampp\htdocs\pea_track\framework\web\CController.php(286): ReportController->runAction()
#10 C:\xampp\htdocs\pea_track\framework\web\CController.php(265): ReportController->runActionWithFilters()
#11 C:\xampp\htdocs\pea_track\framework\web\CWebApplication.php(282): ReportController->run()
#12 C:\xampp\htdocs\pea_track\framework\web\CWebApplication.php(141): CWebApplication->runController()
#13 C:\xampp\htdocs\pea_track\framework\base\CApplication.php(180): CWebApplication->processRequest()
#14 C:\xampp\htdocs\pea_track\index.php(13): CWebApplication->run()
REQUEST_URI=/pea_track/report/printSummary?project=31
in C:\xampp\htdocs\tcpdf\tcpdf.php (16498)
in C:\xampp\htdocs\tcpdf\tcpdf.php (17199)
in C:\xampp\htdocs\tcpdf\tcpdf.php (5828)
2015/05/10 00:52:31 [error] [php] Undefined index: thead (C:\xampp\htdocs\tcpdf\tcpdf.php:16498)
Stack trace:
#0 C:\xampp\htdocs\tcpdf\tcpdf.php(17094): MYPDF->MultiCell()
#1 C:\xampp\htdocs\pea_track\protected\views\report\_formSummaryPDF.php(455): MYPDF->writeHTMLCell()
#2 C:\xampp\htdocs\pea_track\framework\web\CBaseController.php(126): require()
#3 C:\xampp\htdocs\pea_track\framework\web\CBaseController.php(95): ReportController->renderInternal()
#4 C:\xampp\htdocs\pea_track\framework\web\CController.php(869): ReportController->renderFile()
#5 C:\xampp\htdocs\pea_track\framework\web\CController.php(782): ReportController->renderPartial()
#6 C:\xampp\htdocs\pea_track\protected\controllers\ReportController.php(1367): ReportController->render()
#7 C:\xampp\htdocs\pea_track\framework\web\actions\CInlineAction.php(49): ReportController->actionPrintSummary()
#8 C:\xampp\htdocs\pea_track\framework\web\CController.php(308): CInlineAction->runWithParams()
#9 C:\xampp\htdocs\pea_track\framework\web\CController.php(286): ReportController->runAction()
#10 C:\xampp\htdocs\pea_track\framework\web\CController.php(265): ReportController->runActionWithFilters()
#11 C:\xampp\htdocs\pea_track\framework\web\CWebApplication.php(282): ReportController->run()
#12 C:\xampp\htdocs\pea_track\framework\web\CWebApplication.php(141): CWebApplication->runController()
#13 C:\xampp\htdocs\pea_track\framework\base\CApplication.php(180): CWebApplication->processRequest()
#14 C:\xampp\htdocs\pea_track\index.php(13): CWebApplication->run()
REQUEST_URI=/pea_track/report/printSummary?project=31
in C:\xampp\htdocs\tcpdf\tcpdf.php (16498)
in C:\xampp\htdocs\tcpdf\tcpdf.php (17199)
in C:\xampp\htdocs\tcpdf\tcpdf.php (5828)
2015/05/10 00:52:35 [error] [php] Undefined index: thead (C:\xampp\htdocs\tcpdf\tcpdf.php:16498)
Stack trace:
#0 C:\xampp\htdocs\tcpdf\tcpdf.php(17094): MYPDF->MultiCell()
#1 C:\xampp\htdocs\pea_track\protected\views\report\_formSummaryPDF.php(455): MYPDF->writeHTMLCell()
#2 C:\xampp\htdocs\pea_track\framework\web\CBaseController.php(126): require()
#3 C:\xampp\htdocs\pea_track\framework\web\CBaseController.php(95): ReportController->renderInternal()
#4 C:\xampp\htdocs\pea_track\framework\web\CController.php(869): ReportController->renderFile()
#5 C:\xampp\htdocs\pea_track\framework\web\CController.php(782): ReportController->renderPartial()
#6 C:\xampp\htdocs\pea_track\protected\controllers\ReportController.php(1367): ReportController->render()
#7 C:\xampp\htdocs\pea_track\framework\web\actions\CInlineAction.php(49): ReportController->actionPrintSummary()
#8 C:\xampp\htdocs\pea_track\framework\web\CController.php(308): CInlineAction->runWithParams()
#9 C:\xampp\htdocs\pea_track\framework\web\CController.php(286): ReportController->runAction()
#10 C:\xampp\htdocs\pea_track\framework\web\CController.php(265): ReportController->runActionWithFilters()
#11 C:\xampp\htdocs\pea_track\framework\web\CWebApplication.php(282): ReportController->run()
#12 C:\xampp\htdocs\pea_track\framework\web\CWebApplication.php(141): CWebApplication->runController()
#13 C:\xampp\htdocs\pea_track\framework\base\CApplication.php(180): CWebApplication->processRequest()
#14 C:\xampp\htdocs\pea_track\index.php(13): CWebApplication->run()
REQUEST_URI=/pea_track/report/printSummary?project=31
in C:\xampp\htdocs\tcpdf\tcpdf.php (16498)
in C:\xampp\htdocs\tcpdf\tcpdf.php (17199)
in C:\xampp\htdocs\tcpdf\tcpdf.php (5828)
2015/05/10 00:52:36 [error] [php] Undefined index: thead (C:\xampp\htdocs\tcpdf\tcpdf.php:16498)
Stack trace:
#0 C:\xampp\htdocs\tcpdf\tcpdf.php(17094): MYPDF->MultiCell()
#1 C:\xampp\htdocs\pea_track\protected\views\report\_formSummaryPDF.php(455): MYPDF->writeHTMLCell()
#2 C:\xampp\htdocs\pea_track\framework\web\CBaseController.php(126): require()
#3 C:\xampp\htdocs\pea_track\framework\web\CBaseController.php(95): ReportController->renderInternal()
#4 C:\xampp\htdocs\pea_track\framework\web\CController.php(869): ReportController->renderFile()
#5 C:\xampp\htdocs\pea_track\framework\web\CController.php(782): ReportController->renderPartial()
#6 C:\xampp\htdocs\pea_track\protected\controllers\ReportController.php(1367): ReportController->render()
#7 C:\xampp\htdocs\pea_track\framework\web\actions\CInlineAction.php(49): ReportController->actionPrintSummary()
#8 C:\xampp\htdocs\pea_track\framework\web\CController.php(308): CInlineAction->runWithParams()
#9 C:\xampp\htdocs\pea_track\framework\web\CController.php(286): ReportController->runAction()
#10 C:\xampp\htdocs\pea_track\framework\web\CController.php(265): ReportController->runActionWithFilters()
#11 C:\xampp\htdocs\pea_track\framework\web\CWebApplication.php(282): ReportController->run()
#12 C:\xampp\htdocs\pea_track\framework\web\CWebApplication.php(141): CWebApplication->runController()
#13 C:\xampp\htdocs\pea_track\framework\base\CApplication.php(180): CWebApplication->processRequest()
#14 C:\xampp\htdocs\pea_track\index.php(13): CWebApplication->run()
REQUEST_URI=/pea_track/report/printSummary?project=31
in C:\xampp\htdocs\tcpdf\tcpdf.php (16498)
in C:\xampp\htdocs\tcpdf\tcpdf.php (17199)
in C:\xampp\htdocs\tcpdf\tcpdf.php (5828)
2015/05/10 00:52:36 [error] [php] Undefined index: thead (C:\xampp\htdocs\tcpdf\tcpdf.php:16498)
Stack trace:
#0 C:\xampp\htdocs\tcpdf\tcpdf.php(17094): MYPDF->MultiCell()
#1 C:\xampp\htdocs\pea_track\protected\views\report\_formSummaryPDF.php(455): MYPDF->writeHTMLCell()
#2 C:\xampp\htdocs\pea_track\framework\web\CBaseController.php(126): require()
#3 C:\xampp\htdocs\pea_track\framework\web\CBaseController.php(95): ReportController->renderInternal()
#4 C:\xampp\htdocs\pea_track\framework\web\CController.php(869): ReportController->renderFile()
#5 C:\xampp\htdocs\pea_track\framework\web\CController.php(782): ReportController->renderPartial()
#6 C:\xampp\htdocs\pea_track\protected\controllers\ReportController.php(1367): ReportController->render()
#7 C:\xampp\htdocs\pea_track\framework\web\actions\CInlineAction.php(49): ReportController->actionPrintSummary()
#8 C:\xampp\htdocs\pea_track\framework\web\CController.php(308): CInlineAction->runWithParams()
#9 C:\xampp\htdocs\pea_track\framework\web\CController.php(286): ReportController->runAction()
#10 C:\xampp\htdocs\pea_track\framework\web\CController.php(265): ReportController->runActionWithFilters()
#11 C:\xampp\htdocs\pea_track\framework\web\CWebApplication.php(282): ReportController->run()
#12 C:\xampp\htdocs\pea_track\framework\web\CWebApplication.php(141): CWebApplication->runController()
#13 C:\xampp\htdocs\pea_track\framework\base\CApplication.php(180): CWebApplication->processRequest()
#14 C:\xampp\htdocs\pea_track\index.php(13): CWebApplication->run()
REQUEST_URI=/pea_track/report/printSummary?project=31
in C:\xampp\htdocs\tcpdf\tcpdf.php (16498)
in C:\xampp\htdocs\tcpdf\tcpdf.php (17199)
in C:\xampp\htdocs\tcpdf\tcpdf.php (5828)
2015/05/10 00:59:38 [error] [php] Undefined index: thead (C:\xampp\htdocs\tcpdf\tcpdf.php:16498)
Stack trace:
#0 C:\xampp\htdocs\tcpdf\tcpdf.php(17094): MYPDF->MultiCell()
#1 C:\xampp\htdocs\pea_track\protected\views\report\_formSummaryPDF.php(455): MYPDF->writeHTMLCell()
#2 C:\xampp\htdocs\pea_track\framework\web\CBaseController.php(126): require()
#3 C:\xampp\htdocs\pea_track\framework\web\CBaseController.php(95): ReportController->renderInternal()
#4 C:\xampp\htdocs\pea_track\framework\web\CController.php(869): ReportController->renderFile()
#5 C:\xampp\htdocs\pea_track\framework\web\CController.php(782): ReportController->renderPartial()
#6 C:\xampp\htdocs\pea_track\protected\controllers\ReportController.php(1367): ReportController->render()
#7 C:\xampp\htdocs\pea_track\framework\web\actions\CInlineAction.php(49): ReportController->actionPrintSummary()
#8 C:\xampp\htdocs\pea_track\framework\web\CController.php(308): CInlineAction->runWithParams()
#9 C:\xampp\htdocs\pea_track\framework\web\CController.php(286): ReportController->runAction()
#10 C:\xampp\htdocs\pea_track\framework\web\CController.php(265): ReportController->runActionWithFilters()
#11 C:\xampp\htdocs\pea_track\framework\web\CWebApplication.php(282): ReportController->run()
#12 C:\xampp\htdocs\pea_track\framework\web\CWebApplication.php(141): CWebApplication->runController()
#13 C:\xampp\htdocs\pea_track\framework\base\CApplication.php(180): CWebApplication->processRequest()
#14 C:\xampp\htdocs\pea_track\index.php(13): CWebApplication->run()
REQUEST_URI=/pea_track/report/printSummary?project=29
in C:\xampp\htdocs\tcpdf\tcpdf.php (16498)
in C:\xampp\htdocs\tcpdf\tcpdf.php (17199)
in C:\xampp\htdocs\tcpdf\tcpdf.php (5828)
2015/05/10 01:00:27 [error] [php] Undefined index: thead (C:\xampp\htdocs\tcpdf\tcpdf.php:16498)
Stack trace:
#0 C:\xampp\htdocs\tcpdf\tcpdf.php(17094): MYPDF->MultiCell()
#1 C:\xampp\htdocs\pea_track\protected\views\report\_formSummaryPDF.php(455): MYPDF->writeHTMLCell()
#2 C:\xampp\htdocs\pea_track\framework\web\CBaseController.php(126): require()
#3 C:\xampp\htdocs\pea_track\framework\web\CBaseController.php(95): ReportController->renderInternal()
#4 C:\xampp\htdocs\pea_track\framework\web\CController.php(869): ReportController->renderFile()
#5 C:\xampp\htdocs\pea_track\framework\web\CController.php(782): ReportController->renderPartial()
#6 C:\xampp\htdocs\pea_track\protected\controllers\ReportController.php(1367): ReportController->render()
#7 C:\xampp\htdocs\pea_track\framework\web\actions\CInlineAction.php(49): ReportController->actionPrintSummary()
#8 C:\xampp\htdocs\pea_track\framework\web\CController.php(308): CInlineAction->runWithParams()
#9 C:\xampp\htdocs\pea_track\framework\web\CController.php(286): ReportController->runAction()
#10 C:\xampp\htdocs\pea_track\framework\web\CController.php(265): ReportController->runActionWithFilters()
#11 C:\xampp\htdocs\pea_track\framework\web\CWebApplication.php(282): ReportController->run()
#12 C:\xampp\htdocs\pea_track\framework\web\CWebApplication.php(141): CWebApplication->runController()
#13 C:\xampp\htdocs\pea_track\framework\base\CApplication.php(180): CWebApplication->processRequest()
#14 C:\xampp\htdocs\pea_track\index.php(13): CWebApplication->run()
REQUEST_URI=/pea_track/report/printSummary?project=29
in C:\xampp\htdocs\tcpdf\tcpdf.php (16498)
in C:\xampp\htdocs\tcpdf\tcpdf.php (17199)
in C:\xampp\htdocs\tcpdf\tcpdf.php (5828)
2015/05/10 01:00:29 [error] [php] Undefined index: thead (C:\xampp\htdocs\tcpdf\tcpdf.php:16498)
Stack trace:
#0 C:\xampp\htdocs\tcpdf\tcpdf.php(17094): MYPDF->MultiCell()
#1 C:\xampp\htdocs\pea_track\protected\views\report\_formSummaryPDF.php(455): MYPDF->writeHTMLCell()
#2 C:\xampp\htdocs\pea_track\framework\web\CBaseController.php(126): require()
#3 C:\xampp\htdocs\pea_track\framework\web\CBaseController.php(95): ReportController->renderInternal()
#4 C:\xampp\htdocs\pea_track\framework\web\CController.php(869): ReportController->renderFile()
#5 C:\xampp\htdocs\pea_track\framework\web\CController.php(782): ReportController->renderPartial()
#6 C:\xampp\htdocs\pea_track\protected\controllers\ReportController.php(1367): ReportController->render()
#7 C:\xampp\htdocs\pea_track\framework\web\actions\CInlineAction.php(49): ReportController->actionPrintSummary()
#8 C:\xampp\htdocs\pea_track\framework\web\CController.php(308): CInlineAction->runWithParams()
#9 C:\xampp\htdocs\pea_track\framework\web\CController.php(286): ReportController->runAction()
#10 C:\xampp\htdocs\pea_track\framework\web\CController.php(265): ReportController->runActionWithFilters()
#11 C:\xampp\htdocs\pea_track\framework\web\CWebApplication.php(282): ReportController->run()
#12 C:\xampp\htdocs\pea_track\framework\web\CWebApplication.php(141): CWebApplication->runController()
#13 C:\xampp\htdocs\pea_track\framework\base\CApplication.php(180): CWebApplication->processRequest()
#14 C:\xampp\htdocs\pea_track\index.php(13): CWebApplication->run()
REQUEST_URI=/pea_track/report/printSummary?project=29
in C:\xampp\htdocs\tcpdf\tcpdf.php (16498)
in C:\xampp\htdocs\tcpdf\tcpdf.php (17199)
in C:\xampp\htdocs\tcpdf\tcpdf.php (5828)
2015/05/10 01:00:29 [error] [php] Undefined index: thead (C:\xampp\htdocs\tcpdf\tcpdf.php:16498)
Stack trace:
#0 C:\xampp\htdocs\tcpdf\tcpdf.php(17094): MYPDF->MultiCell()
#1 C:\xampp\htdocs\pea_track\protected\views\report\_formSummaryPDF.php(455): MYPDF->writeHTMLCell()
#2 C:\xampp\htdocs\pea_track\framework\web\CBaseController.php(126): require()
#3 C:\xampp\htdocs\pea_track\framework\web\CBaseController.php(95): ReportController->renderInternal()
#4 C:\xampp\htdocs\pea_track\framework\web\CController.php(869): ReportController->renderFile()
#5 C:\xampp\htdocs\pea_track\framework\web\CController.php(782): ReportController->renderPartial()
#6 C:\xampp\htdocs\pea_track\protected\controllers\ReportController.php(1367): ReportController->render()
#7 C:\xampp\htdocs\pea_track\framework\web\actions\CInlineAction.php(49): ReportController->actionPrintSummary()
#8 C:\xampp\htdocs\pea_track\framework\web\CController.php(308): CInlineAction->runWithParams()
#9 C:\xampp\htdocs\pea_track\framework\web\CController.php(286): ReportController->runAction()
#10 C:\xampp\htdocs\pea_track\framework\web\CController.php(265): ReportController->runActionWithFilters()
#11 C:\xampp\htdocs\pea_track\framework\web\CWebApplication.php(282): ReportController->run()
#12 C:\xampp\htdocs\pea_track\framework\web\CWebApplication.php(141): CWebApplication->runController()
#13 C:\xampp\htdocs\pea_track\framework\base\CApplication.php(180): CWebApplication->processRequest()
#14 C:\xampp\htdocs\pea_track\index.php(13): CWebApplication->run()
REQUEST_URI=/pea_track/report/printSummary?project=29
in C:\xampp\htdocs\tcpdf\tcpdf.php (16498)
in C:\xampp\htdocs\tcpdf\tcpdf.php (17199)
in C:\xampp\htdocs\tcpdf\tcpdf.php (5828)
2015/05/10 01:01:24 [error] [php] Undefined index: thead (C:\xampp\htdocs\tcpdf\tcpdf.php:16498)
Stack trace:
#0 C:\xampp\htdocs\tcpdf\tcpdf.php(17094): MYPDF->MultiCell()
#1 C:\xampp\htdocs\pea_track\protected\views\report\_formSummaryPDF.php(455): MYPDF->writeHTMLCell()
#2 C:\xampp\htdocs\pea_track\framework\web\CBaseController.php(126): require()
#3 C:\xampp\htdocs\pea_track\framework\web\CBaseController.php(95): ReportController->renderInternal()
#4 C:\xampp\htdocs\pea_track\framework\web\CController.php(869): ReportController->renderFile()
#5 C:\xampp\htdocs\pea_track\framework\web\CController.php(782): ReportController->renderPartial()
#6 C:\xampp\htdocs\pea_track\protected\controllers\ReportController.php(1367): ReportController->render()
#7 C:\xampp\htdocs\pea_track\framework\web\actions\CInlineAction.php(49): ReportController->actionPrintSummary()
#8 C:\xampp\htdocs\pea_track\framework\web\CController.php(308): CInlineAction->runWithParams()
#9 C:\xampp\htdocs\pea_track\framework\web\CController.php(286): ReportController->runAction()
#10 C:\xampp\htdocs\pea_track\framework\web\CController.php(265): ReportController->runActionWithFilters()
#11 C:\xampp\htdocs\pea_track\framework\web\CWebApplication.php(282): ReportController->run()
#12 C:\xampp\htdocs\pea_track\framework\web\CWebApplication.php(141): CWebApplication->runController()
#13 C:\xampp\htdocs\pea_track\framework\base\CApplication.php(180): CWebApplication->processRequest()
#14 C:\xampp\htdocs\pea_track\index.php(13): CWebApplication->run()
REQUEST_URI=/pea_track/report/printSummary?project=29
in C:\xampp\htdocs\tcpdf\tcpdf.php (16498)
in C:\xampp\htdocs\tcpdf\tcpdf.php (17199)
in C:\xampp\htdocs\tcpdf\tcpdf.php (5828)
2015/05/10 01:01:25 [error] [php] Undefined index: thead (C:\xampp\htdocs\tcpdf\tcpdf.php:16498)
Stack trace:
#0 C:\xampp\htdocs\tcpdf\tcpdf.php(17094): MYPDF->MultiCell()
#1 C:\xampp\htdocs\pea_track\protected\views\report\_formSummaryPDF.php(455): MYPDF->writeHTMLCell()
#2 C:\xampp\htdocs\pea_track\framework\web\CBaseController.php(126): require()
#3 C:\xampp\htdocs\pea_track\framework\web\CBaseController.php(95): ReportController->renderInternal()
#4 C:\xampp\htdocs\pea_track\framework\web\CController.php(869): ReportController->renderFile()
#5 C:\xampp\htdocs\pea_track\framework\web\CController.php(782): ReportController->renderPartial()
#6 C:\xampp\htdocs\pea_track\protected\controllers\ReportController.php(1367): ReportController->render()
#7 C:\xampp\htdocs\pea_track\framework\web\actions\CInlineAction.php(49): ReportController->actionPrintSummary()
#8 C:\xampp\htdocs\pea_track\framework\web\CController.php(308): CInlineAction->runWithParams()
#9 C:\xampp\htdocs\pea_track\framework\web\CController.php(286): ReportController->runAction()
#10 C:\xampp\htdocs\pea_track\framework\web\CController.php(265): ReportController->runActionWithFilters()
#11 C:\xampp\htdocs\pea_track\framework\web\CWebApplication.php(282): ReportController->run()
#12 C:\xampp\htdocs\pea_track\framework\web\CWebApplication.php(141): CWebApplication->runController()
#13 C:\xampp\htdocs\pea_track\framework\base\CApplication.php(180): CWebApplication->processRequest()
#14 C:\xampp\htdocs\pea_track\index.php(13): CWebApplication->run()
REQUEST_URI=/pea_track/report/printSummary?project=29
in C:\xampp\htdocs\tcpdf\tcpdf.php (16498)
in C:\xampp\htdocs\tcpdf\tcpdf.php (17199)
in C:\xampp\htdocs\tcpdf\tcpdf.php (5828)
2015/05/10 01:11:02 [error] [exception.CHttpException.404] exception 'CHttpException' with message 'Unable to resolve the request "summaryReport.pdf".' in C:\xampp\htdocs\pea_track\framework\web\CWebApplication.php:286
Stack trace:
#0 C:\xampp\htdocs\pea_track\framework\web\CWebApplication.php(141): CWebApplication->runController('summaryReport.p...')
#1 C:\xampp\htdocs\pea_track\framework\base\CApplication.php(180): CWebApplication->processRequest()
#2 C:\xampp\htdocs\pea_track\index.php(13): CApplication->run()
#3 {main}
REQUEST_URI=/pea_track/summaryReport.pdf
HTTP_REFERER=http://localhost/pea_track/report/summary
---
2015/05/10 01:11:09 [error] [exception.CHttpException.404] exception 'CHttpException' with message 'Unable to resolve the request "summaryReport.pdf".' in C:\xampp\htdocs\pea_track\framework\web\CWebApplication.php:286
Stack trace:
#0 C:\xampp\htdocs\pea_track\framework\web\CWebApplication.php(141): CWebApplication->runController('summaryReport.p...')
#1 C:\xampp\htdocs\pea_track\framework\base\CApplication.php(180): CWebApplication->processRequest()
#2 C:\xampp\htdocs\pea_track\index.php(13): CApplication->run()
#3 {main}
REQUEST_URI=/pea_track/summaryReport.pdf
HTTP_REFERER=http://localhost/pea_track/report/summary
---
2015/05/10 01:11:59 [error] [exception.CHttpException.404] exception 'CHttpException' with message 'Unable to resolve the request "summaryReport.pdf".' in C:\xampp\htdocs\pea_track\framework\web\CWebApplication.php:286
Stack trace:
#0 C:\xampp\htdocs\pea_track\framework\web\CWebApplication.php(141): CWebApplication->runController('summaryReport.p...')
#1 C:\xampp\htdocs\pea_track\framework\base\CApplication.php(180): CWebApplication->processRequest()
#2 C:\xampp\htdocs\pea_track\index.php(13): CApplication->run()
#3 {main}
REQUEST_URI=/pea_track/summaryReport.pdf
HTTP_REFERER=http://localhost/pea_track/report/summary
---
2015/05/10 01:12:29 [error] [exception.CHttpException.404] exception 'CHttpException' with message 'Unable to resolve the request "summaryReport.pdf".' in C:\xampp\htdocs\pea_track\framework\web\CWebApplication.php:286
Stack trace:
#0 C:\xampp\htdocs\pea_track\framework\web\CWebApplication.php(141): CWebApplication->runController('summaryReport.p...')
#1 C:\xampp\htdocs\pea_track\framework\base\CApplication.php(180): CWebApplication->processRequest()
#2 C:\xampp\htdocs\pea_track\index.php(13): CApplication->run()
#3 {main}
REQUEST_URI=/pea_track/summaryReport.pdf
HTTP_REFERER=http://localhost/pea_track/report/summary
---
2015/05/10 01:12:58 [error] [exception.CHttpException.404] exception 'CHttpException' with message 'Unable to resolve the request "summaryReport.pdf".' in C:\xampp\htdocs\pea_track\framework\web\CWebApplication.php:286
Stack trace:
#0 C:\xampp\htdocs\pea_track\framework\web\CWebApplication.php(141): CWebApplication->runController('summaryReport.p...')
#1 C:\xampp\htdocs\pea_track\framework\base\CApplication.php(180): CWebApplication->processRequest()
#2 C:\xampp\htdocs\pea_track\index.php(13): CApplication->run()
#3 {main}
REQUEST_URI=/pea_track/summaryReport.pdf
HTTP_REFERER=http://localhost/pea_track/report/summary
---
